==5355== Memcheck, a memory error detector
==5355== Copyright (C) 2002-2022, and GNU GPL'd, by Julian Seward et al.
==5355== Using Valgrind-3.19.0 and LibVEX; rerun with -h for copyright info
==5355== Command: ./push_swap -10 555 22 00 -110
==5355== Parent PID: 684
==5355== 
==5355== 
==5355== HEAP SUMMARY:
==5355==     in use at exit: 80 bytes in 5 blocks
==5355==   total heap usage: 20 allocs, 15 frees, 1,267 bytes allocated
==5355== 
==5355== 80 (16 direct, 64 indirect) bytes in 1 blocks are definitely lost in loss record 3 of 3
==5355==    at 0x48407B4: malloc (vg_replace_malloc.c:381)
==5355==    by 0x10A033: ft_stack_new (lst_functions.c:52)
==5355==    by 0x109B2C: pa (mandatory_func1.c:65)
==5355==    by 0x109524: sort_ez (main_file.c:113)
==5355==    by 0x1097B4: main (main_file.c:165)
==5355== 
==5355== LEAK SUMMARY:
==5355==    definitely lost: 16 bytes in 1 blocks
==5355==    indirectly lost: 64 bytes in 4 blocks
==5355==      possibly lost: 0 bytes in 0 blocks
==5355==    still reachable: 0 bytes in 0 blocks
==5355==         suppressed: 0 bytes in 0 blocks
==5355== 
==5355== For lists of detected and suppressed errors, rerun with: -s
==5355== ERROR SUMMARY: 1 errors from 1 contexts (suppressed: 0 from 0)
